<?xml version="1.0" encoding="UTF-8"?>
<!-- Generated by org.testng.reporters.JUnitXMLReporter -->
<testsuite ignored="0" hostname="NitikeshShinde" failures="0" tests="4" name="Default test" time="36.432" errors="0" timestamp="2023-09-04T18:13:47 IST">
  <testcase classname="com.rbus.testcase.SearchBuses" name="openUrl" time="3.964"/>
  <testcase classname="com.rbus.testcase.SearchBuses" name="searchTravelLocations" time="15.612"/>
  <testcase classname="com.rbus.testcase.SearchBuses" name="selectDate" time="8.497"/>
  <testcase classname="com.rbus.testcase.SearchBuses" name="searchButtonFunctionalityTest" time="2.1"/>
</testsuite> <!-- Default test -->
