<?xml version="1.0" encoding="UTF-8"?>
<testng-results ignored="0" total="4" passed="4" failed="0" skipped="0">
  <reporter-output>
  </reporter-output>
  <suite started-at="2023-09-04T18:13:11 IST" name="Default suite" finished-at="2023-09-04T18:13:47 IST" duration-ms="36432">
    <groups>
    </groups>
    <test started-at="2023-09-04T18:13:11 IST" name="Default test" finished-at="2023-09-04T18:13:47 IST" duration-ms="36432">
      <class name="com.rbus.testcase.SearchBuses">
        <test-method is-config="true" signature="SetUp()[pri:0, instance:com.rbus.testcase.SearchBuses@13e344d]" started-at="2023-09-04T18:13:11 IST" name="SetUp" finished-at="2023-09-04T18:13:17 IST" duration-ms="6168" status="PASS">
          <reporter-output>
          </reporter-output>
        </test-method> <!-- SetUp -->
        <test-method is-config="true" signature="beforeMethod()[pri:0, instance:com.rbus.testcase.SearchBuses@13e344d]" started-at="2023-09-04T18:13:17 IST" name="beforeMethod" finished-at="2023-09-04T18:13:17 IST" duration-ms="6" status="PASS">
          <reporter-output>
          </reporter-output>
        </test-method> <!-- beforeMethod -->
        <test-method signature="openUrl()[pri:0, instance:com.rbus.testcase.SearchBuses@13e344d]" started-at="2023-09-04T18:13:17 IST" name="openUrl" finished-at="2023-09-04T18:13:21 IST" duration-ms="3964" status="PASS">
          <reporter-output>
          </reporter-output>
        </test-method> <!-- openUrl -->
        <test-method is-config="true" signature="afterMethod()[pri:0, instance:com.rbus.testcase.SearchBuses@13e344d]" started-at="2023-09-04T18:13:21 IST" name="afterMethod" finished-at="2023-09-04T18:13:21 IST" duration-ms="0" status="PASS">
          <reporter-output>
          </reporter-output>
        </test-method> <!-- afterMethod -->
        <test-method is-config="true" signature="beforeMethod()[pri:0, instance:com.rbus.testcase.SearchBuses@13e344d]" started-at="2023-09-04T18:13:21 IST" name="beforeMethod" finished-at="2023-09-04T18:13:21 IST" duration-ms="0" status="PASS">
          <reporter-output>
          </reporter-output>
        </test-method> <!-- beforeMethod -->
        <test-method signature="searchTravelLocations()[pri:1, instance:com.rbus.testcase.SearchBuses@13e344d]" started-at="2023-09-04T18:13:21 IST" name="searchTravelLocations" finished-at="2023-09-04T18:13:37 IST" duration-ms="15612" status="PASS">
          <reporter-output>
          </reporter-output>
        </test-method> <!-- searchTravelLocations -->
        <test-method is-config="true" signature="afterMethod()[pri:0, instance:com.rbus.testcase.SearchBuses@13e344d]" started-at="2023-09-04T18:13:37 IST" name="afterMethod" finished-at="2023-09-04T18:13:37 IST" duration-ms="0" status="PASS">
          <reporter-output>
          </reporter-output>
        </test-method> <!-- afterMethod -->
        <test-method is-config="true" signature="beforeMethod()[pri:0, instance:com.rbus.testcase.SearchBuses@13e344d]" started-at="2023-09-04T18:13:37 IST" name="beforeMethod" finished-at="2023-09-04T18:13:37 IST" duration-ms="1" status="PASS">
          <reporter-output>
          </reporter-output>
        </test-method> <!-- beforeMethod -->
        <test-method signature="selectDate()[pri:2, instance:com.rbus.testcase.SearchBuses@13e344d]" started-at="2023-09-04T18:13:37 IST" name="selectDate" finished-at="2023-09-04T18:13:45 IST" duration-ms="8497" status="PASS">
          <reporter-output>
          </reporter-output>
        </test-method> <!-- selectDate -->
        <test-method is-config="true" signature="afterMethod()[pri:0, instance:com.rbus.testcase.SearchBuses@13e344d]" started-at="2023-09-04T18:13:45 IST" name="afterMethod" finished-at="2023-09-04T18:13:45 IST" duration-ms="0" status="PASS">
          <reporter-output>
          </reporter-output>
        </test-method> <!-- afterMethod -->
        <test-method is-config="true" signature="beforeMethod()[pri:0, instance:com.rbus.testcase.SearchBuses@13e344d]" started-at="2023-09-04T18:13:45 IST" name="beforeMethod" finished-at="2023-09-04T18:13:45 IST" duration-ms="1" status="PASS">
          <reporter-output>
          </reporter-output>
        </test-method> <!-- beforeMethod -->
        <test-method signature="searchButtonFunctionalityTest()[pri:3, instance:com.rbus.testcase.SearchBuses@13e344d]" started-at="2023-09-04T18:13:45 IST" name="searchButtonFunctionalityTest" finished-at="2023-09-04T18:13:47 IST" duration-ms="2100" status="PASS">
          <reporter-output>
          </reporter-output>
        </test-method> <!-- searchButtonFunctionalityTest -->
        <test-method is-config="true" signature="afterMethod()[pri:0, instance:com.rbus.testcase.SearchBuses@13e344d]" started-at="2023-09-04T18:13:47 IST" name="afterMethod" finished-at="2023-09-04T18:13:47 IST" duration-ms="0" status="PASS">
          <reporter-output>
          </reporter-output>
        </test-method> <!-- afterMethod -->
      </class> <!-- com.rbus.testcase.SearchBuses -->
    </test> <!-- Default test -->
  </suite> <!-- Default suite -->
</testng-results>
